[debug] [2021-03-27T17:28:21.277Z] ----------------------------------------------------------------------
[debug] [2021-03-27T17:28:21.279Z] Command:       C:\Program Files\nodejs\node.exe C:\Users\MI\AppData\Roaming\npm\node_modules\firebase-tools\lib\bin\firebase.js init
[debug] [2021-03-27T17:28:21.279Z] CLI Version:   9.8.0
[debug] [2021-03-27T17:28:21.279Z] Platform:      win32
[debug] [2021-03-27T17:28:21.279Z] Node Version:  v12.18.4
[debug] [2021-03-27T17:28:21.280Z] Time:          Sat Mar 27 2021 22:58:21 GMT+0530 (India Standard Time)
[debug] [2021-03-27T17:28:21.280Z] ----------------------------------------------------------------------
[debug] 
[debug] [2021-03-27T17:28:21.287Z] >>> [apiv2][query] GET https://firebase-public.firebaseio.com/cli.json [none]
[debug] [2021-03-27T17:28:21.309Z] > command requires scopes: ["email","openid","https://www.googleapis.com/auth/cloudplatformprojects.readonly","https://www.googleapis.com/auth/firebase","https://www.googleapis.com/auth/cloud-platform"]
[debug] [2021-03-27T17:28:21.310Z] > authorizing via signed-in user
[info] 
     ######## #### ########  ######## ########     ###     ######  ########
     ##        ##  ##     ## ##       ##     ##  ##   ##  ##       ##
     ######    ##  ########  ######   ########  #########  ######  ######
     ##        ##  ##    ##  ##       ##     ## ##     ##       ## ##
     ##       #### ##     ## ######## ########  ##     ##  ######  ########

You're about to initialize a Firebase project in this directory:

  I:\builds\quickbill

[debug] [2021-03-27T17:28:22.409Z] <<< [apiv2][status] GET https://firebase-public.firebaseio.com/cli.json 200
[debug] [2021-03-27T17:28:22.410Z] <<< [apiv2][body] GET https://firebase-public.firebaseio.com/cli.json {"cloudBuildErrorAfter":1594252800000,"cloudBuildWarnAfter":1590019200000,"defaultNode10After":1594252800000,"minVersion":"3.0.5","node8DeploysDisabledAfter":1613390400000,"node8RuntimeDisabledAfter":1615809600000,"node8WarnAfter":1600128000000}
